<?xml version="1.0" encoding="UTF-8"?>
<!-- Generated by org.testng.reporters.JUnitReportReporter -->
<testsuite hostname="HP" failures="0" tests="5" name="com.qa.runner.RunnerTests" time="119.920" errors="0" timestamp="2026-01-02T15:31:51 IST" skipped="0">
  <testcase classname="com.qa.runner.RunnerTests" name="runScenario" time="20.323"/>
  <testcase classname="com.qa.runner.RunnerTests" name="runScenario" time="23.579"/>
  <testcase classname="com.qa.runner.RunnerTests" name="runScenario" time="25.265"/>
  <testcase classname="com.qa.runner.RunnerTests" name="runScenario" time="24.309"/>
  <testcase classname="com.qa.runner.RunnerTests" name="runScenario" time="26.444"/>
</testsuite> <!-- com.qa.runner.RunnerTests -->
